Determining if the pthread_create exist failed with the following output:
Change Dir: /home/filip141/catkin_ws/build/CMakeFiles/CMakeTmp

Run Build Command:/usr/bin/make "cmTryCompileExec273871113/fast"
/usr/bin/make -f CMakeFiles/cmTryCompileExec273871113.dir/build.make CMakeFiles/cmTryCompileExec273871113.dir/build
make[1]: Entering directory `/home/filip141/catkin_ws/build/CMakeFiles/CMakeTmp'
/usr/bin/cmake -E cmake_progress_report /home/filip141/catkin_ws/build/CMakeFiles/CMakeTmp/CMakeFiles 1
Building C object CMakeFiles/cmTryCompileExec273871113.dir/CheckSymbolExists.c.o
/usr/bin/cc    -o CMakeFiles/cmTryCompileExec273871113.dir/CheckSymbolExists.c.o   -c /home/filip141/catkin_ws/build/CMakeFiles/CMakeTmp/CheckSymbolExists.c
Linking C executable cmTryCompileExec273871113
/usr/bin/cmake -E cmake_link_script CMakeFiles/cmTryCompileExec273871113.dir/link.txt --verbose=1
/usr/bin/cc       CMakeFiles/cmTryCompileExec273871113.dir/CheckSymbolExists.c.o  -o cmTryCompileExec273871113 -rdynamic 
CMakeFiles/cmTryCompileExec273871113.dir/CheckSymbolExists.c.o: In function `main':
CheckSymbolExists.c:(.text+0x16): undefined reference to `pthread_create'
collect2: error: ld returned 1 exit status
make[1]: *** [cmTryCompileExec273871113] Error 1
make[1]: Leaving directory `/home/filip141/catkin_ws/build/CMakeFiles/CMakeTmp'
make: *** [cmTryCompileExec273871113/fast] Error 2

File /home/filip141/catkin_ws/build/CMakeFiles/CMakeTmp/CheckSymbolExists.c:
/* */
#include <pthread.h>

int main(int argc, char** argv)
{
  (void)argv;
#ifndef pthread_create
  return ((int*)(&pthread_create))[argc];
#else
  (void)argc;
  return 0;
#endif
}

Determining if the function pthread_create exists in the pthreads failed with the following output:
Change Dir: /home/filip141/catkin_ws/build/CMakeFiles/CMakeTmp

Run Build Command:/usr/bin/make "cmTryCompileExec2391169728/fast"
/usr/bin/make -f CMakeFiles/cmTryCompileExec2391169728.dir/build.make CMakeFiles/cmTryCompileExec2391169728.dir/build
make[1]: Entering directory `/home/filip141/catkin_ws/build/CMakeFiles/CMakeTmp'
/usr/bin/cmake -E cmake_progress_report /home/filip141/catkin_ws/build/CMakeFiles/CMakeTmp/CMakeFiles 1
Building C object CMakeFiles/cmTryCompileExec2391169728.dir/CheckFunctionExists.c.o
/usr/bin/cc   -DCHECK_FUNCTION_EXISTS=pthread_create   -o CMakeFiles/cmTryCompileExec2391169728.dir/CheckFunctionExists.c.o   -c /usr/share/cmake-2.8/Modules/CheckFunctionExists.c
Linking C executable cmTryCompileExec2391169728
/usr/bin/cmake -E cmake_link_script CMakeFiles/cmTryCompileExec2391169728.dir/link.txt --verbose=1
/usr/bin/cc   -DCHECK_FUNCTION_EXISTS=pthread_create    CMakeFiles/cmTryCompileExec2391169728.dir/CheckFunctionExists.c.o  -o cmTryCompileExec2391169728 -rdynamic -lpthreads 
/usr/bin/ld: cannot find -lpthreads
collect2: error: ld returned 1 exit status
make[1]: *** [cmTryCompileExec2391169728] Error 1
make[1]: Leaving directory `/home/filip141/catkin_ws/build/CMakeFiles/CMakeTmp'
make: *** [cmTryCompileExec2391169728/fast] Error 2


